<?xml version="1.0" encoding="utf-8"?><testsuites name="pytest tests"><testsuite name="pytest" errors="0" failures="0" skipped="2" tests="212" time="49.083" timestamp="2026-07-03T15:08:12.592490+00:00" hostname="agent-env-aff82223-f799-4dfa-9e45-79a3768daf54"><testcase classname="backend.tests.test_admin_dashboard" name="test_dashboard_stats_unauthenticated_returns_401" time="0.159" /><testcase classname="backend.tests.test_admin_dashboard" name="test_dashboard_stats_shape" time="0.399" /><testcase classname="backend.tests.test_brands_and_membership_roi.TestBrandLookup" name="test_lookup_bigbasket_resolves_to_tata" time="0.383" /><testcase classname="backend.tests.test_brands_and_membership_roi.TestBrandLookup" name="test_lookup_alias_with_space_resolves" time="0.043" /><testcase classname="backend.tests.test_brands_and_membership_roi.TestBrandLookup" name="test_lookup_short_alias_bb" time="0.064" /><testcase classname="backend.tests.test_brands_and_membership_roi.TestBrandLookup" name="test_lookup_cross_conglomerate[Ajio-Ajio-Reliance Industries]" time="0.044" /><testcase classname="backend.tests.test_brands_and_membership_roi.TestBrandLookup" name="test_lookup_cross_conglomerate[Pantaloons-Pantaloons-Aditya Birla Group]" time="0.045" /><testcase classname="backend.tests.test_brands_and_membership_roi.TestBrandLookup" name="test_lookup_cross_conglomerate[Sunfeast-Sunfeast-ITC Limited]" time="0.045" /><testcase classname="backend.tests.test_brands_and_membership_roi.TestBrandLookup" name="test_lookup_cross_conglomerate[Club Mahindra-Club Mahindra-Mahindra Group]" time="0.046" /><testcase classname="backend.tests.test_brands_and_membership_roi.TestBrandLookup" name="test_lookup_cross_conglomerate[Bajaj Finserv-Bajaj Finserv-Bajaj Group]" time="0.046" /><testcase classname="backend.tests.test_brands_and_membership_roi.TestBrandLookup" name="test_lookup_empty_query_safe" time="0.045" /><testcase classname="backend.tests.test_brands_and_membership_roi.TestBrandsAll" name="test_all_brands_returns_flat_list" time="0.047" /><testcase classname="backend.tests.test_brands_and_membership_roi.TestVoucherAutoTag" name="test_create_voucher_auto_populates_parent" time="0.103" /><testcase classname="backend.tests.test_brands_and_membership_roi.TestMembershipROI" name="test_active_membership_roi_fields" time="0.141" /><testcase classname="backend.tests.test_brands_and_membership_roi.TestMembershipROI" name="test_expired_membership_flagged" time="0.138" /><testcase classname="backend.tests.test_brands_and_membership_roi.TestMembershipROI" name="test_expiring_soon_membership_flagged" time="0.132" /><testcase classname="backend.tests.test_brands_and_membership_roi.TestRegression" name="test_voucher_creation_without_dates" time="0.092" /><testcase classname="backend.tests.test_brands_and_membership_roi.TestRegression" name="test_points_summary_shape_unchanged" time="0.046" /><testcase classname="backend.tests.test_brands_and_membership_roi.TestRegression" name="test_roi_handles_old_records_without_start_date" time="0.044" /><testcase classname="backend.tests.test_cards.TestCardsList" name="test_list_cards_returns_arrays" time="0.133" /><testcase classname="backend.tests.test_cards.TestCardsList" name="test_card_required_fields" time="0.048" /><testcase classname="backend.tests.test_cards.TestCardsList" name="test_category_required_fields" time="0.056" /><testcase classname="backend.tests.test_cards.TestCardsBest" name="test_best_fuel_returns_ranked" time="0.054" /><testcase classname="backend.tests.test_cards.TestCardsBest" name="test_best_other_categories[online_shopping]" time="0.058" /><testcase classname="backend.tests.test_cards.TestCardsBest" name="test_best_other_categories[food_delivery]" time="0.053" /><testcase classname="backend.tests.test_cards.TestCardsBest" name="test_best_other_categories[groceries]" time="0.050" /><testcase classname="backend.tests.test_cards.TestCardsBest" name="test_best_other_categories[travel]" time="0.046" /><testcase classname="backend.tests.test_cards.TestCardsBest" name="test_best_zero_spend_does_not_crash" time="0.051" /><testcase classname="backend.tests.test_cards.TestCardsBest" name="test_best_missing_category_returns_422" time="0.047" /><testcase classname="backend.tests.test_cards.TestCardsClick" name="test_click_basic" time="0.060" /><testcase classname="backend.tests.test_cards.TestCardsClick" name="test_click_with_pin_and_category" time="0.051" /><testcase classname="backend.tests.test_cards.TestCardsClick" name="test_click_missing_card_id_422" time="0.046" /><testcase classname="backend.tests.test_cards.TestMembershipReferralRegression" name="test_membership_status_has_referral_code" time="0.048" /><testcase classname="backend.tests.test_counsel_verified" name="test_counsel_verified_badge_present_and_fresh[/app/frontend/public/privacy.html]" time="0.006" /><testcase classname="backend.tests.test_counsel_verified" name="test_counsel_verified_badge_present_and_fresh[/app/frontend/public/terms.html]" time="0.002" /><testcase classname="backend.tests.test_counsel_verified" name="test_counsel_verified_badge_present_and_fresh[/app/frontend/public/refund.html]" time="0.001" /><testcase classname="backend.tests.test_counsel_verified" name="test_counsel_verified_badge_present_and_fresh[/app/frontend/public/privacy-hi.html]" time="0.001" /><testcase classname="backend.tests.test_force_logout" name="test_force_logout_requires_auth" time="0.134" /><testcase classname="backend.tests.test_force_logout" name="test_force_logout_requires_admin" time="0.456" /><testcase classname="backend.tests.test_force_logout" name="test_force_logout_validates_email" time="0.526" /><testcase classname="backend.tests.test_force_logout" name="test_force_logout_invalidates_old_token_then_fresh_login_works" time="1.441" /><testcase classname="backend.tests.test_forgot_reset_and_invite.TestForgotPassword" name="test_forgot_password_nonexistent_email_returns_200" time="0.095" /><testcase classname="backend.tests.test_forgot_reset_and_invite.TestForgotPassword" name="test_forgot_password_existing_email_creates_record" time="0.590" /><testcase classname="backend.tests.test_forgot_reset_and_invite.TestResetPassword" name="test_reset_with_invalid_token_returns_400" time="0.045" /><testcase classname="backend.tests.test_forgot_reset_and_invite.TestResetPassword" name="test_reset_with_valid_token_succeeds_and_autosigns" time="1.461" /><testcase classname="backend.tests.test_forgot_reset_and_invite.TestResetPassword" name="test_reset_with_reused_token_returns_400" time="0.042" /><testcase classname="backend.tests.test_forgot_reset_and_invite.TestResetPassword" name="test_reset_with_expired_token_returns_400" time="0.515" /><testcase classname="backend.tests.test_forgot_reset_and_invite.TestCircleInvite" name="test_add_member_with_verified_email_sends_invite" time="0.254" /><testcase classname="backend.tests.test_forgot_reset_and_invite.TestCircleInvite" name="test_add_member_with_unverified_email_returns_200_silently" time="0.238" /><testcase classname="backend.tests.test_forgot_reset_and_invite.TestCircleInvite" name="test_add_member_without_email_backwards_compat" time="0.137" /><testcase classname="backend.tests.test_forgot_reset_and_invite.TestRegression" name="test_seeded_login_works" time="0.271" /><testcase classname="backend.tests.test_forgot_reset_and_invite.TestRegression" name="test_auth_me_works" time="0.044" /><testcase classname="backend.tests.test_forgot_reset_and_invite.TestRegression" name="test_vouchers_list_works" time="0.043" /><testcase classname="backend.tests.test_forgot_reset_and_invite.TestRegression" name="test_circle_members_list_works" time="0.043" /><testcase classname="backend.tests.test_forgot_reset_and_invite.TestRegression" name="test_points_summary_works" time="0.045" /><testcase classname="backend.tests.test_iter15_userfirst.TestPushNotificationsTrust" name="test_3day_voucher_creates_ending_soon" time="0.469" /><testcase classname="backend.tests.test_iter15_userfirst.TestPushNotificationsTrust" name="test_1day_voucher_creates_urgent" time="0.047" /><testcase classname="backend.tests.test_iter15_userfirst.TestPushNotificationsTrust" name="test_today_voucher_creates_urgent" time="0.046" /><testcase classname="backend.tests.test_iter15_userfirst.TestPushNotificationsTrust" name="test_2day_voucher_no_notification" time="0.045" /><testcase classname="backend.tests.test_iter15_userfirst.TestPushNotificationsTrust" name="test_5day_voucher_no_notification" time="0.084" /><testcase classname="backend.tests.test_iter15_userfirst.TestPushNotificationsTrust" name="test_redeemed_voucher_no_notification" time="0.046" /><testcase classname="backend.tests.test_iter15_userfirst.TestPushNotificationsTrust" name="test_idempotency_no_duplicates" time="0.592" /><testcase classname="backend.tests.test_iter15_userfirst.TestSavingsAssistant" name="test_already_optimal_on_bpcl_fuel" time="0.120" /><testcase classname="backend.tests.test_iter15_userfirst.TestSavingsAssistant" name="test_amazon_card_user_sees_bpcl_recommended" time="0.045" /><testcase classname="backend.tests.test_iter15_userfirst.TestSavingsAssistant" name="test_no_current_card_returns_delta_null" time="0.047" /><testcase classname="backend.tests.test_iter15_userfirst.TestAffiliateTracking" name="test_click_persists_new_fields" time="0.052" /><testcase classname="backend.tests.test_iter15_userfirst.TestRegressions" name="test_membership_status_has_referral_code" time="0.044" /><testcase classname="backend.tests.test_iter16_smart_spend.TestInferSuccess" name="test_response_shape" time="7.435" /><testcase classname="backend.tests.test_iter16_smart_spend.TestInferSuccess" name="test_classification_obvious" time="0.000" /><testcase classname="backend.tests.test_iter16_smart_spend.TestInferSuccess" name="test_skips_otp" time="0.000" /><testcase classname="backend.tests.test_iter16_smart_spend.TestPersistence" name="test_get_profile_after_persist" time="0.048" /><testcase classname="backend.tests.test_iter16_smart_spend.TestPersistence" name="test_upsert_on_rerun" time="1.363" /><testcase classname="backend.tests.test_iter16_smart_spend.TestPersistence" name="test_persist_false_doesnt_overwrite" time="1.243" /><testcase classname="backend.tests.test_iter16_smart_spend.TestPersistence" name="test_delete_profile" time="2.074" /><testcase classname="backend.tests.test_iter16_smart_spend.TestValidation" name="test_empty_sms_400" time="0.050" /><testcase classname="backend.tests.test_iter16_smart_spend.TestValidation" name="test_oversize_sms_413" time="0.070" /><testcase classname="backend.tests.test_iter16_smart_spend.TestValidation" name="test_profile_unknown_pin" time="0.047" /><testcase classname="backend.tests.test_iter16_smart_spend.TestRegression" name="test_cards_best" time="0.054" /><testcase classname="backend.tests.test_iter16_smart_spend.TestRegression" name="test_cards_click_logging" time="0.050" /><testcase classname="backend.tests.test_iter16_smart_spend.TestRegression" name="test_notifications" time="0.046" /><testcase classname="backend.tests.test_iter16_smart_spend.TestRegression" name="test_membership_status" time="0.050" /><testcase classname="backend.tests.test_iter16_smart_spend.TestRegression" name="test_vouchers_list" time="0.116" /><testcase classname="backend.tests.test_iter17_loyalty.TestLoyaltyPrograms" name="test_programs_endpoint" time="0.454" /><testcase classname="backend.tests.test_iter17_loyalty.TestLoyaltyClassify" name="test_alias_classification[indigo-airline-IndiGo]" time="0.047" /><testcase classname="backend.tests.test_iter17_loyalty.TestLoyaltyClassify" name="test_alias_classification[hpcl-fuel-HPCL]" time="0.047" /><testcase classname="backend.tests.test_iter17_loyalty.TestLoyaltyClassify" name="test_alias_classification[cred-fintech-CRED]" time="0.045" /><testcase classname="backend.tests.test_iter17_loyalty.TestLoyaltyClassify" name="test_alias_classification[pvr-entertainment-PVR INOX]" time="0.044" /><testcase classname="backend.tests.test_iter17_loyalty.TestLoyaltyClassify" name="test_alias_classification[bookmyshow-entertainment-BookMyShow]" time="0.044" /><testcase classname="backend.tests.test_iter17_loyalty.TestLoyaltyClassify" name="test_alias_classification[trident-hotel-Trident Hotels]" time="0.043" /><testcase classname="backend.tests.test_iter17_loyalty.TestLoyaltyClassify" name="test_alias_classification[welcomhotel-hotel-Welcomhotel by ITC]" time="0.050" /><testcase classname="backend.tests.test_iter17_loyalty.TestLoyaltyClassify" name="test_alias_classification[pw-education-PhysicsWallah]" time="0.044" /><testcase classname="backend.tests.test_iter17_loyalty.TestLoyaltyClassify" name="test_alias_classification[aakash-education-Aakash Institute]" time="0.042" /><testcase classname="backend.tests.test_iter17_loyalty.TestLoyaltyClassify" name="test_alias_classification[hdfc bank-banking_rewards-HDFC Bank]" time="0.043" /><testcase classname="backend.tests.test_iter17_loyalty.TestLoyaltyClassify" name="test_alias_classification[axis-banking_rewards-Axis Bank]" time="0.047" /><testcase classname="backend.tests.test_iter17_loyalty.TestLoyaltyClassify" name="test_alias_classification[tata neu-retail-Tata Neu]" time="0.042" /><testcase classname="backend.tests.test_iter17_loyalty.TestLoyaltyClassify" name="test_alias_classification[netflix-ott-Netflix]" time="0.043" /><testcase classname="backend.tests.test_iter17_loyalty.TestLoyaltyClassify" name="test_alias_classification[spotify-music-Spotify]" time="0.043" /><testcase classname="backend.tests.test_iter17_loyalty.TestLoyaltyClassify" name="test_indigo_full_response" time="0.087" /><testcase classname="backend.tests.test_iter17_loyalty.TestLoyaltyClassify" name="test_unknown_brand_returns_generic" time="0.043" /><testcase classname="backend.tests.test_iter17_loyalty.TestLoyaltyClassify" name="test_substring_3char_match" time="0.041" /><testcase classname="backend.tests.test_iter17_loyalty.TestLoyaltyClassify" name="test_substring_2char_no_false_positive" time="0.043" /><testcase classname="backend.tests.test_iter17_loyalty.TestVoucherMembershipFields" name="test_create_membership_voucher" time="0.044" /><testcase classname="backend.tests.test_iter17_loyalty.TestVoucherMembershipFields" name="test_get_vouchers_returns_membership_fields" time="0.083" /><testcase classname="backend.tests.test_iter17_loyalty.TestVoucherMembershipFields" name="test_patch_membership_fields" time="0.498" /><testcase classname="backend.tests.test_iter17_loyalty.TestRegression" name="test_endpoint_ok[/api/cards-False]" time="0.049" /><testcase classname="backend.tests.test_iter17_loyalty.TestRegression" name="test_endpoint_ok[/api/vouchers-True]" time="0.043" /><testcase classname="backend.tests.test_iter17_loyalty.TestRegression" name="test_endpoint_ok[/api/notifications-True]" time="0.043" /><testcase classname="backend.tests.test_iter17_loyalty.TestRegression" name="test_endpoint_ok[/api/membership/status-True]" time="0.048" /><testcase classname="backend.tests.test_iter18_admin_registry.TestAdminRoleSeed" name="test_admin_role_on_me" time="0.430" /><testcase classname="backend.tests.test_iter18_admin_registry.TestAdminRoleSeed" name="test_non_admin_role" time="0.440" /><testcase classname="backend.tests.test_iter18_admin_registry.TestAdminGate" name="test_no_token_blocked" time="0.089" /><testcase classname="backend.tests.test_iter18_admin_registry.TestAdminGate" name="test_non_admin_403" time="0.106" /><testcase classname="backend.tests.test_iter18_admin_registry.TestStats" name="test_stats_shape" time="0.097" /><testcase classname="backend.tests.test_iter18_admin_registry.TestPendingList" name="test_pending_default" time="0.097" /><testcase classname="backend.tests.test_iter18_admin_registry.TestPendingList" name="test_pending_filter_all" time="0.114" /><testcase classname="backend.tests.test_iter18_admin_registry.TestPendingList" name="test_pending_filter_approved" time="0.096" /><testcase classname="backend.tests.test_iter18_admin_registry.TestSingleApproveReject" name="test_single_approve_flow" time="0.101"><skipped type="pytest.skip" message="No pending items available to approve">/app/backend/tests/test_iter18_admin_registry.py:144: No pending items available to approve</skipped></testcase><testcase classname="backend.tests.test_iter18_admin_registry.TestSingleApproveReject" name="test_approve_already_approved_returns_409" time="0.215" /><testcase classname="backend.tests.test_iter18_admin_registry.TestSingleApproveReject" name="test_single_reject_flow" time="0.114"><skipped type="pytest.skip" message="No pending items available to reject">/app/backend/tests/test_iter18_admin_registry.py:193: No pending items available to reject</skipped></testcase><testcase classname="backend.tests.test_iter18_admin_registry.TestBulkOps" name="test_bulk_approve_shape" time="0.101" /><testcase classname="backend.tests.test_iter18_admin_registry.TestBulkOps" name="test_bulk_reject_shape" time="0.103" /><testcase classname="backend.tests.test_iter18_admin_registry.TestChangelog" name="test_changelog_sort_and_shape" time="0.105" /><testcase classname="backend.tests.test_iter18_admin_registry.TestRuns" name="test_runs_list" time="0.106" /><testcase classname="backend.tests.test_iter18_admin_registry.TestRegression" name="test_loyalty_classify" time="0.098" /><testcase classname="backend.tests.test_iter18_admin_registry.TestRegression" name="test_loyalty_programs" time="0.101" /><testcase classname="backend.tests.test_iter18_admin_registry.TestRegression" name="test_cards" time="0.096" /><testcase classname="backend.tests.test_iter18_admin_registry.TestRegression" name="test_vouchers" time="0.099" /><testcase classname="backend.tests.test_iter18_admin_registry.TestRegression" name="test_notifications" time="0.116" /><testcase classname="backend.tests.test_iter19_regression" name="test_signup_fresh_email_returns_200_with_token" time="0.330" /><testcase classname="backend.tests.test_iter19_regression" name="test_login_seeded_admin_returns_200_with_token" time="0.346" /><testcase classname="backend.tests.test_iter19_regression" name="test_me_with_bearer_token" time="0.417" /><testcase classname="backend.tests.test_iter19_regression" name="test_forgot_password_returns_200_no_leak" time="0.401" /><testcase classname="backend.tests.test_iter19_regression" name="test_reset_password_invalid_token_returns_400" time="0.099" /><testcase classname="backend.tests.test_iter19_regression" name="test_brand_lookup_club_mahindra_ranks_first" time="0.115" /><testcase classname="backend.tests.test_iter19_regression" name="test_brand_lookup_bigbasket_returns_tata_parent" time="0.089" /><testcase classname="backend.tests.test_iter19_regression" name="test_brand_lookup_alias_bb_returns_bigbasket_first" time="0.099" /><testcase classname="backend.tests.test_iter19_regression" name="test_circle_add_member_returns_invite_email_sent_field" time="0.352" /><testcase classname="backend.tests.test_iter19_regression" name="test_vouchers_list_no_regression" time="0.102" /><testcase classname="backend.tests.test_iter19_regression" name="test_admin_dashboard_no_regression" time="0.504" /><testcase classname="backend.tests.test_iter19_regression" name="test_force_logout_endpoint_reachable" time="0.430" /><testcase classname="backend.tests.test_iter19_regression" name="test_disable_rate_limit_env_effective" time="2.686" /><testcase classname="backend.tests.test_iter20_bestcard_whatsapp.TestBestCard" name="test_best_groceries" time="0.095" /><testcase classname="backend.tests.test_iter20_bestcard_whatsapp.TestBestCard" name="test_best_food_delivery" time="0.053" /><testcase classname="backend.tests.test_iter20_bestcard_whatsapp.TestBestCard" name="test_best_fuel_bpcl_top" time="0.047" /><testcase classname="backend.tests.test_iter20_bestcard_whatsapp.TestBestCard" name="test_click_track" time="0.091" /><testcase classname="backend.tests.test_iter20_bestcard_whatsapp" name="test_brand_lookup_swiggy_has_category" time="0.049" /><testcase classname="backend.tests.test_iter20_bestcard_whatsapp.TestCircle" name="test_add_with_phone_stub_mode" time="0.098" /><testcase classname="backend.tests.test_iter20_bestcard_whatsapp.TestCircle" name="test_add_without_phone_backcompat" time="0.093" /><testcase classname="backend.tests.test_iter20_bestcard_whatsapp.TestWhatsAppAdminStatus" name="test_non_admin_gets_403" time="0.430" /><testcase classname="backend.tests.test_iter20_bestcard_whatsapp.TestWhatsAppAdminStatus" name="test_no_auth_gets_401_or_403" time="0.099" /><testcase classname="backend.tests.test_iter20_bestcard_whatsapp.TestWhatsAppAdminStatus" name="test_admin_gets_200_with_fields" time="0.369" /><testcase classname="backend.tests.test_iter20_bestcard_whatsapp" name="test_backend_log_has_stub_skip_marker" time="1.099" /><testcase classname="backend.tests.test_iter21_whatsapp_webhook.TestVerifyHandshake" name="test_verify_success_echoes_challenge" time="0.096" /><testcase classname="backend.tests.test_iter21_whatsapp_webhook.TestVerifyHandshake" name="test_verify_wrong_token_403" time="0.103" /><testcase classname="backend.tests.test_iter21_whatsapp_webhook.TestVerifyHandshake" name="test_verify_missing_mode_403" time="0.098" /><testcase classname="backend.tests.test_iter21_whatsapp_webhook.TestFeatureFlagGate" name="test_disabled_no_op" time="0.099" /><testcase classname="backend.tests.test_iter21_whatsapp_webhook.TestFeatureFlagGate" name="test_no_secret_leak_in_response" time="0.091" /><testcase classname="backend.tests.test_iter21_whatsapp_webhook.TestSignatureVerification" name="test_missing_signature_when_secret_set_returns_403" time="0.223" /><testcase classname="backend.tests.test_iter21_whatsapp_webhook.TestSignatureVerification" name="test_no_secret_dev_passthrough" time="0.000" /><testcase classname="backend.tests.test_iter21_whatsapp_webhook.TestBotRouting" name="test_greeting_for_registered_user" time="0.012" /><testcase classname="backend.tests.test_iter21_whatsapp_webhook.TestBotRouting" name="test_help_returns_menu" time="0.006" /><testcase classname="backend.tests.test_iter21_whatsapp_webhook.TestBotRouting" name="test_expiring_all_clear_when_no_vouchers" time="0.005" /><testcase classname="backend.tests.test_iter21_whatsapp_webhook.TestBotRouting" name="test_points_summary" time="0.006" /><testcase classname="backend.tests.test_iter21_whatsapp_webhook.TestBotRouting" name="test_pro_status_free_plan" time="0.005" /><testcase classname="backend.tests.test_iter21_whatsapp_webhook.TestBotRouting" name="test_human_handoff_logs_support_history" time="0.009" /><testcase classname="backend.tests.test_iter21_whatsapp_webhook.TestBotRouting" name="test_not_registered_wa_id" time="0.001" /><testcase classname="backend.tests.test_iter21_whatsapp_webhook.TestBotRouting" name="test_stop_opt_out_and_start_opt_in" time="0.007" /><testcase classname="backend.tests.test_iter21_whatsapp_webhook.TestSessionTracking" name="test_wa_session_upserted_when_flag_on" time="0.014" /><testcase classname="backend.tests.test_optimizer_and_auth_wipe" name="test_optimizer_tips_empty_wallet" time="0.097" /><testcase classname="backend.tests.test_optimizer_and_auth_wipe" name="test_optimizer_rules_tata_neu" time="0.291" /><testcase classname="backend.tests.test_optimizer_and_auth_wipe" name="test_optimizer_expiry_urgent" time="0.314" /><testcase classname="backend.tests.test_optimizer_and_auth_wipe" name="test_auth_full_flow_and_logout" time="0.855" /><testcase classname="backend.tests.test_optimizer_and_auth_wipe" name="test_auth_wipe_deletes_user_and_returns_401_on_me" time="0.631" /><testcase classname="backend.tests.test_perkworth" name="test_health" time="0.093" /><testcase classname="backend.tests.test_perkworth" name="test_voucher_crud_full_cycle" time="0.217" /><testcase classname="backend.tests.test_perkworth" name="test_brand_search_croma" time="0.043" /><testcase classname="backend.tests.test_perkworth" name="test_brand_search_myntra" time="0.042" /><testcase classname="backend.tests.test_perkworth" name="test_extract_sms_swiggy" time="1.362" /><testcase classname="backend.tests.test_perkworth" name="test_extract_image_voucher" time="1.319" /><testcase classname="backend.tests.test_perkworth" name="test_ending_soon_filter" time="0.252" /><testcase classname="backend.tests.test_perkworth" name="test_points_summary" time="0.140" /><testcase classname="backend.tests.test_perkworth" name="test_memberships_roi" time="0.172" /><testcase classname="backend.tests.test_perkworth" name="test_circle_member_crud" time="0.146" /><testcase classname="backend.tests.test_perkworth" name="test_share_with_member_id_and_legacy_unshare" time="0.266" /><testcase classname="backend.tests.test_perkworth" name="test_share_invalid_objectid_returns_400" time="0.171" /><testcase classname="backend.tests.test_perkworth" name="test_share_unknown_member_returns_404" time="0.170" /><testcase classname="backend.tests.test_perkworth" name="test_unshare_specific_member_only" time="0.509" /><testcase classname="backend.tests.test_perkworth" name="test_vouchers_shared_with_endpoint" time="0.360" /><testcase classname="backend.tests.test_perkworth" name="test_vouchers_shared_with_unknown_member_returns_404" time="0.044" /><testcase classname="backend.tests.test_perkworth" name="test_search_brand_includes_user_matches" time="0.124" /><testcase classname="backend.tests.test_perkworth" name="test_membership_activate_and_status" time="0.176" /><testcase classname="backend.tests.test_redemption_tracker" name="test_health" time="0.118" /><testcase classname="backend.tests.test_redemption_tracker" name="test_redeem_with_default_savings" time="0.099" /><testcase classname="backend.tests.test_redemption_tracker" name="test_redeem_with_override_savings" time="0.099" /><testcase classname="backend.tests.test_redemption_tracker" name="test_list_hides_redeemed_by_default" time="0.144" /><testcase classname="backend.tests.test_redemption_tracker" name="test_list_status_redeemed" time="0.145" /><testcase classname="backend.tests.test_redemption_tracker" name="test_unredeem_reverts_to_active" time="0.190" /><testcase classname="backend.tests.test_redemption_tracker" name="test_savings_stats" time="0.227" /><testcase classname="backend.tests.test_redemption_tracker" name="test_redeem_not_found" time="0.048" /><testcase classname="backend.tests.test_redemption_tracker" name="test_redeem_invalid_id" time="0.045" /><testcase classname="backend.tests.test_redemption_tracker" name="test_unredeem_not_found" time="0.361" /><testcase classname="backend.tests.test_webhook_export.TestWebhook" name="test_invalid_signature_returns_400" time="0.096" /><testcase classname="backend.tests.test_webhook_export.TestWebhook" name="test_missing_signature_header_returns_400" time="0.092" /><testcase classname="backend.tests.test_webhook_export.TestWebhook" name="test_payment_captured_returns_ok_applied" time="0.107" /><testcase classname="backend.tests.test_webhook_export.TestWebhook" name="test_duplicate_event_returns_duplicate_true" time="0.191" /><testcase classname="backend.tests.test_webhook_export.TestWebhook" name="test_payment_failed_returns_applied" time="0.094" /><testcase classname="backend.tests.test_webhook_export.TestWebhook" name="test_refund_created_returns_applied" time="0.099" /><testcase classname="backend.tests.test_webhook_export.TestExport" name="test_export_without_auth_returns_401" time="0.095" /><testcase classname="backend.tests.test_webhook_export.TestExport" name="test_export_json_with_auth" time="0.696" /><testcase classname="backend.tests.test_webhook_export.TestExport" name="test_export_csv_with_auth" time="0.051" /><testcase classname="backend.tests.test_webhook_export.TestExport" name="test_export_xml_returns_422" time="0.050" /><testcase classname="backend.tests.test_webhook_export.TestExport" name="test_export_contains_user_voucher" time="0.130" /></testsuite></testsuites>