<?xml version="1.0" encoding="utf-8"?><testsuites name="pytest tests"><testsuite name="pytest" errors="0" failures="0" skipped="0" tests="15" time="12.392" timestamp="2026-06-20T15:48:48.686818+00:00" hostname="agent-env-aff82223-f799-4dfa-9e45-79a3768daf54"><testcase classname="backend.tests.test_iter16_smart_spend.TestInferSuccess" name="test_response_shape" time="6.282" /><testcase classname="backend.tests.test_iter16_smart_spend.TestInferSuccess" name="test_classification_obvious" time="0.000" /><testcase classname="backend.tests.test_iter16_smart_spend.TestInferSuccess" name="test_skips_otp" time="0.000" /><testcase classname="backend.tests.test_iter16_smart_spend.TestPersistence" name="test_get_profile_after_persist" time="0.044" /><testcase classname="backend.tests.test_iter16_smart_spend.TestPersistence" name="test_upsert_on_rerun" time="1.436" /><testcase classname="backend.tests.test_iter16_smart_spend.TestPersistence" name="test_persist_false_doesnt_overwrite" time="2.143" /><testcase classname="backend.tests.test_iter16_smart_spend.TestPersistence" name="test_delete_profile" time="1.920" /><testcase classname="backend.tests.test_iter16_smart_spend.TestValidation" name="test_empty_sms_400" time="0.082" /><testcase classname="backend.tests.test_iter16_smart_spend.TestValidation" name="test_oversize_sms_413" time="0.067" /><testcase classname="backend.tests.test_iter16_smart_spend.TestValidation" name="test_profile_unknown_pin" time="0.040" /><testcase classname="backend.tests.test_iter16_smart_spend.TestRegression" name="test_cards_best" time="0.042" /><testcase classname="backend.tests.test_iter16_smart_spend.TestRegression" name="test_cards_click_logging" time="0.041" /><testcase classname="backend.tests.test_iter16_smart_spend.TestRegression" name="test_notifications" time="0.043" /><testcase classname="backend.tests.test_iter16_smart_spend.TestRegression" name="test_membership_status" time="0.043" /><testcase classname="backend.tests.test_iter16_smart_spend.TestRegression" name="test_vouchers_list" time="0.122" /></testsuite></testsuites>