<?xml version="1.0" encoding="utf-8"?><testsuites name="pytest tests"><testsuite name="pytest" errors="0" failures="0" skipped="0" tests="26" time="2.270" timestamp="2026-06-20T16:17:29.453604+00:00" hostname="agent-env-aff82223-f799-4dfa-9e45-79a3768daf54"><testcase classname="backend.tests.test_iter17_loyalty.TestLoyaltyPrograms" name="test_programs_endpoint" time="0.472" /><testcase classname="backend.tests.test_iter17_loyalty.TestLoyaltyClassify" name="test_alias_classification[indigo-airline-IndiGo]" time="0.047" /><testcase classname="backend.tests.test_iter17_loyalty.TestLoyaltyClassify" name="test_alias_classification[hpcl-fuel-HPCL]" time="0.043" /><testcase classname="backend.tests.test_iter17_loyalty.TestLoyaltyClassify" name="test_alias_classification[cred-fintech-CRED]" time="0.044" /><testcase classname="backend.tests.test_iter17_loyalty.TestLoyaltyClassify" name="test_alias_classification[pvr-entertainment-PVR INOX]" time="0.043" /><testcase classname="backend.tests.test_iter17_loyalty.TestLoyaltyClassify" name="test_alias_classification[bookmyshow-entertainment-BookMyShow]" time="0.041" /><testcase classname="backend.tests.test_iter17_loyalty.TestLoyaltyClassify" name="test_alias_classification[trident-hotel-Trident Hotels]" time="0.083" /><testcase classname="backend.tests.test_iter17_loyalty.TestLoyaltyClassify" name="test_alias_classification[welcomhotel-hotel-Welcomhotel by ITC]" time="0.042" /><testcase classname="backend.tests.test_iter17_loyalty.TestLoyaltyClassify" name="test_alias_classification[pw-education-PhysicsWallah]" time="0.042" /><testcase classname="backend.tests.test_iter17_loyalty.TestLoyaltyClassify" name="test_alias_classification[aakash-education-Aakash Institute]" time="0.040" /><testcase classname="backend.tests.test_iter17_loyalty.TestLoyaltyClassify" name="test_alias_classification[hdfc bank-banking_rewards-HDFC Bank]" time="0.043" /><testcase classname="backend.tests.test_iter17_loyalty.TestLoyaltyClassify" name="test_alias_classification[axis-banking_rewards-Axis Bank]" time="0.046" /><testcase classname="backend.tests.test_iter17_loyalty.TestLoyaltyClassify" name="test_alias_classification[tata neu-retail-Tata Neu]" time="0.041" /><testcase classname="backend.tests.test_iter17_loyalty.TestLoyaltyClassify" name="test_alias_classification[netflix-ott-Netflix]" time="0.082" /><testcase classname="backend.tests.test_iter17_loyalty.TestLoyaltyClassify" name="test_alias_classification[spotify-music-Spotify]" time="0.043" /><testcase classname="backend.tests.test_iter17_loyalty.TestLoyaltyClassify" name="test_indigo_full_response" time="0.080" /><testcase classname="backend.tests.test_iter17_loyalty.TestLoyaltyClassify" name="test_unknown_brand_returns_generic" time="0.044" /><testcase classname="backend.tests.test_iter17_loyalty.TestLoyaltyClassify" name="test_substring_3char_match" time="0.039" /><testcase classname="backend.tests.test_iter17_loyalty.TestLoyaltyClassify" name="test_substring_2char_no_false_positive" time="0.039" /><testcase classname="backend.tests.test_iter17_loyalty.TestVoucherMembershipFields" name="test_create_membership_voucher" time="0.084" /><testcase classname="backend.tests.test_iter17_loyalty.TestVoucherMembershipFields" name="test_get_vouchers_returns_membership_fields" time="0.043" /><testcase classname="backend.tests.test_iter17_loyalty.TestVoucherMembershipFields" name="test_patch_membership_fields" time="0.484" /><testcase classname="backend.tests.test_iter17_loyalty.TestRegression" name="test_endpoint_ok[/api/cards-False]" time="0.043" /><testcase classname="backend.tests.test_iter17_loyalty.TestRegression" name="test_endpoint_ok[/api/vouchers-True]" time="0.043" /><testcase classname="backend.tests.test_iter17_loyalty.TestRegression" name="test_endpoint_ok[/api/notifications-True]" time="0.084" /><testcase classname="backend.tests.test_iter17_loyalty.TestRegression" name="test_endpoint_ok[/api/membership/status-True]" time="0.046" /></testsuite></testsuites>