<?xml version="1.0" encoding="utf-8"?><testsuites name="pytest tests"><testsuite name="pytest" errors="0" failures="0" skipped="0" tests="13" time="6.078" timestamp="2026-07-01T13:27:09.610609+00:00" hostname="agent-env-aff82223-f799-4dfa-9e45-79a3768daf54"><testcase classname="tests.test_iter19_regression" name="test_signup_fresh_email_returns_200_with_token" time="0.352" /><testcase classname="tests.test_iter19_regression" name="test_login_seeded_admin_returns_200_with_token" time="0.329" /><testcase classname="tests.test_iter19_regression" name="test_me_with_bearer_token" time="0.439" /><testcase classname="tests.test_iter19_regression" name="test_forgot_password_returns_200_no_leak" time="0.400" /><testcase classname="tests.test_iter19_regression" name="test_reset_password_invalid_token_returns_400" time="0.106" /><testcase classname="tests.test_iter19_regression" name="test_brand_lookup_club_mahindra_ranks_first" time="0.099" /><testcase classname="tests.test_iter19_regression" name="test_brand_lookup_bigbasket_returns_tata_parent" time="0.091" /><testcase classname="tests.test_iter19_regression" name="test_brand_lookup_alias_bb_returns_bigbasket_first" time="0.097" /><testcase classname="tests.test_iter19_regression" name="test_circle_add_member_returns_invite_email_sent_field" time="0.524" /><testcase classname="tests.test_iter19_regression" name="test_vouchers_list_no_regression" time="0.090" /><testcase classname="tests.test_iter19_regression" name="test_admin_dashboard_no_regression" time="0.420" /><testcase classname="tests.test_iter19_regression" name="test_force_logout_endpoint_reachable" time="0.420" /><testcase classname="tests.test_iter19_regression" name="test_disable_rate_limit_env_effective" time="2.633" /></testsuite></testsuites>