<?xml version="1.0" encoding="utf-8"?><testsuites name="pytest tests"><testsuite name="pytest" errors="0" failures="0" skipped="0" tests="10" time="1.830" timestamp="2026-06-20T13:36:12.754946+00:00" hostname="agent-env-aff82223-f799-4dfa-9e45-79a3768daf54"><testcase classname="backend.tests.test_redemption_tracker" name="test_health" time="0.252" /><testcase classname="backend.tests.test_redemption_tracker" name="test_redeem_with_default_savings" time="0.092" /><testcase classname="backend.tests.test_redemption_tracker" name="test_redeem_with_override_savings" time="0.128" /><testcase classname="backend.tests.test_redemption_tracker" name="test_list_hides_redeemed_by_default" time="0.126" /><testcase classname="backend.tests.test_redemption_tracker" name="test_list_status_redeemed" time="0.126" /><testcase classname="backend.tests.test_redemption_tracker" name="test_unredeem_reverts_to_active" time="0.210" /><testcase classname="backend.tests.test_redemption_tracker" name="test_savings_stats" time="0.225" /><testcase classname="backend.tests.test_redemption_tracker" name="test_redeem_not_found" time="0.042" /><testcase classname="backend.tests.test_redemption_tracker" name="test_redeem_invalid_id" time="0.054" /><testcase classname="backend.tests.test_redemption_tracker" name="test_unredeem_not_found" time="0.503" /></testsuite></testsuites>