<?xml version="1.0" encoding="utf-8"?><testsuites name="pytest tests"><testsuite name="pytest" errors="0" failures="0" skipped="0" tests="14" time="11.798" timestamp="2026-07-23T11:13:11.274472+00:00" hostname="agent-env-aff82223-f799-4dfa-9e45-79a3768daf54"><testcase classname="backend.tests.test_soft_delete_and_onboarding.TestSoftDeleteFlow" name="test_update_me_persists" time="0.545" /><testcase classname="backend.tests.test_soft_delete_and_onboarding.TestSoftDeleteFlow" name="test_wipe_returns_soft_delete_mode" time="0.383" /><testcase classname="backend.tests.test_soft_delete_and_onboarding.TestSoftDeleteFlow" name="test_login_returns_pending_deletion_after_wipe" time="0.718" /><testcase classname="backend.tests.test_soft_delete_and_onboarding.TestSoftDeleteFlow" name="test_signup_with_same_email_returns_409" time="0.532" /><testcase classname="backend.tests.test_soft_delete_and_onboarding.TestSoftDeleteFlow" name="test_restore_account_success" time="1.066" /><testcase classname="backend.tests.test_soft_delete_and_onboarding.TestSoftDeleteFlow" name="test_restore_wrong_password_401" time="0.686" /><testcase classname="backend.tests.test_soft_delete_and_onboarding.TestSoftDeleteFlow" name="test_restore_nonexistent_email_401" time="0.099" /><testcase classname="backend.tests.test_soft_delete_and_onboarding.TestSoftDeleteFlow" name="test_restore_active_user_already_active" time="0.661" /><testcase classname="backend.tests.test_soft_delete_and_onboarding.TestPermissionsState" name="test_get_returns_shape" time="0.377" /><testcase classname="backend.tests.test_soft_delete_and_onboarding.TestPermissionsState" name="test_post_updates_permissions_with_timestamps" time="0.434" /><testcase classname="backend.tests.test_soft_delete_and_onboarding.TestPermissionsState" name="test_post_empty_body_returns_400" time="0.366" /><testcase classname="backend.tests.test_soft_delete_and_onboarding.TestPermissionsState" name="test_onboarding_complete_flips_flag" time="0.435" /><testcase classname="backend.tests.test_soft_delete_and_onboarding.TestSmsBatchScan" name="test_batch_scan_filters_and_parses" time="4.689" /><testcase classname="backend.tests.test_soft_delete_and_onboarding.TestSubscriptionClearOnSoftDelete" name="test_subscription_deactivated_and_restored" time="0.709" /></testsuite></testsuites>