<?xml version="1.0" encoding="utf-8"?><testsuites name="pytest tests"><testsuite name="pytest" errors="0" failures="0" skipped="0" tests="14" time="4.134" timestamp="2026-06-18T09:44:19.880274+00:00" hostname="agent-env-aff82223-f799-4dfa-9e45-79a3768daf54"><testcase classname="backend.tests.test_forgot_reset_and_invite.TestForgotPassword" name="test_forgot_password_nonexistent_email_returns_200" time="0.148" /><testcase classname="backend.tests.test_forgot_reset_and_invite.TestForgotPassword" name="test_forgot_password_existing_email_creates_record" time="0.584" /><testcase classname="backend.tests.test_forgot_reset_and_invite.TestResetPassword" name="test_reset_with_invalid_token_returns_400" time="0.044" /><testcase classname="backend.tests.test_forgot_reset_and_invite.TestResetPassword" name="test_reset_with_valid_token_succeeds_and_autosigns" time="1.496" /><testcase classname="backend.tests.test_forgot_reset_and_invite.TestResetPassword" name="test_reset_with_reused_token_returns_400" time="0.042" /><testcase classname="backend.tests.test_forgot_reset_and_invite.TestResetPassword" name="test_reset_with_expired_token_returns_400" time="0.519" /><testcase classname="backend.tests.test_forgot_reset_and_invite.TestCircleInvite" name="test_add_member_with_verified_email_sends_invite" time="0.251" /><testcase classname="backend.tests.test_forgot_reset_and_invite.TestCircleInvite" name="test_add_member_with_unverified_email_returns_200_silently" time="0.246" /><testcase classname="backend.tests.test_forgot_reset_and_invite.TestCircleInvite" name="test_add_member_without_email_backwards_compat" time="0.127" /><testcase classname="backend.tests.test_forgot_reset_and_invite.TestRegression" name="test_seeded_login_works" time="0.270" /><testcase classname="backend.tests.test_forgot_reset_and_invite.TestRegression" name="test_auth_me_works" time="0.044" /><testcase classname="backend.tests.test_forgot_reset_and_invite.TestRegression" name="test_vouchers_list_works" time="0.105" /><testcase classname="backend.tests.test_forgot_reset_and_invite.TestRegression" name="test_circle_members_list_works" time="0.043" /><testcase classname="backend.tests.test_forgot_reset_and_invite.TestRegression" name="test_points_summary_works" time="0.044" /></testsuite></testsuites>