<?xml version="1.0" encoding="utf-8"?><testsuites name="pytest tests"><testsuite name="pytest" errors="0" failures="1" skipped="0" tests="17" time="1.715" timestamp="2026-06-18T11:25:08.378284+00:00" hostname="agent-env-aff82223-f799-4dfa-9e45-79a3768daf54"><testcase classname="backend.tests.test_brands_and_membership_roi.TestBrandLookup" name="test_lookup_bigbasket_resolves_to_tata" time="0.502" /><testcase classname="backend.tests.test_brands_and_membership_roi.TestBrandLookup" name="test_lookup_alias_with_space_resolves" time="0.043" /><testcase classname="backend.tests.test_brands_and_membership_roi.TestBrandLookup" name="test_lookup_short_alias_bb" time="0.041"><failure message="AssertionError: Ranking bug: 'bb' alias should resolve to BigBasket first, got 'FBB'. All results: ['FBB', 'BigBasket']&#10;assert 'FBB' == 'BigBasket'&#10;  &#10;  - BigBasket&#10;  + FBB">backend/tests/test_brands_and_membership_roi.py:84: in test_lookup_short_alias_bb
    assert top["brand"] == "BigBasket", (
E   AssertionError: Ranking bug: 'bb' alias should resolve to BigBasket first, got 'FBB'. All results: ['FBB', 'BigBasket']
E   assert 'FBB' == 'BigBasket'
E     
E     - BigBasket
E     + FBB</failure></testcase><testcase classname="backend.tests.test_brands_and_membership_roi.TestBrandLookup" name="test_lookup_cross_conglomerate[Ajio-Ajio-Reliance Industries]" time="0.042" /><testcase classname="backend.tests.test_brands_and_membership_roi.TestBrandLookup" name="test_lookup_cross_conglomerate[Pantaloons-Pantaloons-Aditya Birla Group]" time="0.041" /><testcase classname="backend.tests.test_brands_and_membership_roi.TestBrandLookup" name="test_lookup_cross_conglomerate[Sunfeast-Sunfeast-ITC Limited]" time="0.044" /><testcase classname="backend.tests.test_brands_and_membership_roi.TestBrandLookup" name="test_lookup_cross_conglomerate[Club Mahindra-Club Mahindra-Mahindra Group]" time="0.040" /><testcase classname="backend.tests.test_brands_and_membership_roi.TestBrandLookup" name="test_lookup_cross_conglomerate[Bajaj Finserv-Bajaj Finserv-Bajaj Group]" time="0.040" /><testcase classname="backend.tests.test_brands_and_membership_roi.TestBrandLookup" name="test_lookup_empty_query_safe" time="0.043" /><testcase classname="backend.tests.test_brands_and_membership_roi.TestBrandsAll" name="test_all_brands_returns_flat_list" time="0.045" /><testcase classname="backend.tests.test_brands_and_membership_roi.TestVoucherAutoTag" name="test_create_voucher_auto_populates_parent" time="0.093" /><testcase classname="backend.tests.test_brands_and_membership_roi.TestMembershipROI" name="test_active_membership_roi_fields" time="0.207" /><testcase classname="backend.tests.test_brands_and_membership_roi.TestMembershipROI" name="test_expired_membership_flagged" time="0.125" /><testcase classname="backend.tests.test_brands_and_membership_roi.TestMembershipROI" name="test_expiring_soon_membership_flagged" time="0.125" /><testcase classname="backend.tests.test_brands_and_membership_roi.TestRegression" name="test_voucher_creation_without_dates" time="0.087" /><testcase classname="backend.tests.test_brands_and_membership_roi.TestRegression" name="test_points_summary_shape_unchanged" time="0.043" /><testcase classname="backend.tests.test_brands_and_membership_roi.TestRegression" name="test_roi_handles_old_records_without_start_date" time="0.041" /></testsuite></testsuites>