<?xml version="1.0" encoding="utf-8"?><testsuites name="pytest tests"><testsuite name="pytest" errors="0" failures="0" skipped="0" tests="12" time="9.876" timestamp="2026-06-17T08:49:07.536197+00:00" hostname="agent-env-aff82223-f799-4dfa-9e45-79a3768daf54"><testcase classname="backend.tests.test_perk_orbit" name="test_health" time="0.241" /><testcase classname="backend.tests.test_perk_orbit" name="test_voucher_crud_full_cycle" time="0.280" /><testcase classname="backend.tests.test_perk_orbit" name="test_brand_search_croma" time="0.044" /><testcase classname="backend.tests.test_perk_orbit" name="test_brand_search_myntra" time="0.043" /><testcase classname="backend.tests.test_perk_orbit" name="test_extract_sms_swiggy" time="6.410" /><testcase classname="backend.tests.test_perk_orbit" name="test_extract_image_voucher" time="1.427" /><testcase classname="backend.tests.test_perk_orbit" name="test_ending_soon_filter" time="0.228" /><testcase classname="backend.tests.test_perk_orbit" name="test_points_summary" time="0.133" /><testcase classname="backend.tests.test_perk_orbit" name="test_memberships_roi" time="0.129" /><testcase classname="backend.tests.test_perk_orbit" name="test_circle_member_crud" time="0.194" /><testcase classname="backend.tests.test_perk_orbit" name="test_share_and_unshare" time="0.258" /><testcase classname="backend.tests.test_perk_orbit" name="test_membership_activate_and_status" time="0.200" /></testsuite></testsuites>