<?xml version="1.0" encoding="utf-8"?><testsuites name="pytest tests"><testsuite name="pytest" errors="0" failures="0" skipped="0" tests="5" time="2.516" timestamp="2026-06-17T11:05:52.379616+00:00" hostname="agent-env-aff82223-f799-4dfa-9e45-79a3768daf54"><testcase classname="backend.tests.test_optimizer_and_auth_wipe" name="test_optimizer_tips_empty_wallet" time="0.259" /><testcase classname="backend.tests.test_optimizer_and_auth_wipe" name="test_optimizer_rules_tata_neu" time="0.340" /><testcase classname="backend.tests.test_optimizer_and_auth_wipe" name="test_optimizer_expiry_urgent" time="0.347" /><testcase classname="backend.tests.test_optimizer_and_auth_wipe" name="test_auth_full_flow_and_logout" time="0.837" /><testcase classname="backend.tests.test_optimizer_and_auth_wipe" name="test_auth_wipe_deletes_user_and_returns_401_on_me" time="0.663" /></testsuite></testsuites>