<?xml version="1.0" encoding="utf-8"?><testsuites name="pytest tests"><testsuite name="pytest" errors="0" failures="0" skipped="0" tests="18" time="10.885" timestamp="2026-06-17T09:06:57.636369+00:00" hostname="agent-env-aff82223-f799-4dfa-9e45-79a3768daf54"><testcase classname="backend.tests.test_perk_orbit" name="test_health" time="0.244" /><testcase classname="backend.tests.test_perk_orbit" name="test_voucher_crud_full_cycle" time="0.235" /><testcase classname="backend.tests.test_perk_orbit" name="test_brand_search_croma" time="0.056" /><testcase classname="backend.tests.test_perk_orbit" name="test_brand_search_myntra" time="0.047" /><testcase classname="backend.tests.test_perk_orbit" name="test_extract_sms_swiggy" time="3.105" /><testcase classname="backend.tests.test_perk_orbit" name="test_extract_image_voucher" time="4.539" /><testcase classname="backend.tests.test_perk_orbit" name="test_ending_soon_filter" time="0.238" /><testcase classname="backend.tests.test_perk_orbit" name="test_points_summary" time="0.145" /><testcase classname="backend.tests.test_perk_orbit" name="test_memberships_roi" time="0.138" /><testcase classname="backend.tests.test_perk_orbit" name="test_circle_member_crud" time="0.148" /><testcase classname="backend.tests.test_perk_orbit" name="test_share_with_member_id_and_legacy_unshare" time="0.287" /><testcase classname="backend.tests.test_perk_orbit" name="test_share_invalid_objectid_returns_400" time="0.146" /><testcase classname="backend.tests.test_perk_orbit" name="test_share_unknown_member_returns_404" time="0.143" /><testcase classname="backend.tests.test_perk_orbit" name="test_unshare_specific_member_only" time="0.484" /><testcase classname="backend.tests.test_perk_orbit" name="test_vouchers_shared_with_endpoint" time="0.383" /><testcase classname="backend.tests.test_perk_orbit" name="test_vouchers_shared_with_unknown_member_returns_404" time="0.052" /><testcase classname="backend.tests.test_perk_orbit" name="test_search_brand_includes_user_matches" time="0.140" /><testcase classname="backend.tests.test_perk_orbit" name="test_membership_activate_and_status" time="0.244" /></testsuite></testsuites>